2025-02-22 23:45:38.583  WARN 114681 --- [ool housekeeper] com.zaxxer.hikari.pool.HikariPool        : cabin4jconnectionpool - Thread starvation or clock leap detected (housekeeper delta=49s795ms639µs165ns).
2025-02-22 23:46:59.530  WARN 114681 --- [ool housekeeper] com.zaxxer.hikari.pool.HikariPool        : xfconnectionpool - Thread starvation or clock leap detected (housekeeper delta=54s323ms793µs408ns).
2025-02-22 23:47:31.116  WARN 114681 --- [ool housekeeper] com.zaxxer.hikari.pool.HikariPool        : cabin4jconnectionpool - Thread starvation or clock leap detected (housekeeper delta=1m21s576ms952µs804ns).
2025-02-22 23:47:42.604  WARN 114681 --- [   scheduling-1] com.zaxxer.hikari.pool.PoolBase          : cabin4jconnectionpool - Failed to validate connection org.postgresql.jdbc.PgConnection@4aef25f (This connection has been closed.). Possibly consider using a shorter maxLifetime value.
2025-02-22 23:47:42.604 ERROR 114681 --- [   scheduling-1] o.h.engine.jdbc.spi.SqlExceptionHelper   : cabin4jconnectionpool - Connection is not available, request timed out after 98324ms.
2025-02-22 23:47:42.604 ERROR 114681 --- [   scheduling-1] o.h.engine.jdbc.spi.SqlExceptionHelper   : This connection has been closed.
2025-02-22 23:47:51.482 ERROR 114681 --- [   scheduling-1] c.c.s.c.p.cronjobs.NodeRegistryJob       : Exception occurred while updating node registry.

org.springframework.transaction.CannotCreateTransactionException: Could not open JPA EntityManager for transaction; nested exception is org.hibernate.exception.JDBCConnectionException: Unable to acquire JDBC Connection
	at org.springframework.orm.jpa.JpaTransactionManager.doBegin(JpaTransactionManager.java:467) ~[spring-orm-5.3.22.jar!/:5.3.22]
	at org.springframework.transaction.support.AbstractPlatformTransactionManager.startTransaction(AbstractPlatformTransactionManager.java:400) ~[spring-tx-5.3.22.jar!/:5.3.22]
	at org.springframework.transaction.support.AbstractPlatformTransactionManager.getTransaction(AbstractPlatformTransactionManager.java:373) ~[spring-tx-5.3.22.jar!/:5.3.22]
	at org.springframework.transaction.interceptor.TransactionAspectSupport.createTransactionIfNecessary(TransactionAspectSupport.java:595) ~[spring-tx-5.3.22.jar!/:5.3.22]
	at org.springframework.transaction.interceptor.TransactionAspectSupport.invokeWithinTransaction(TransactionAspectSupport.java:382) ~[spring-tx-5.3.22.jar!/:5.3.22]
	at org.springframework.transaction.interceptor.TransactionInterceptor.invoke(TransactionInterceptor.java:119) ~[spring-tx-5.3.22.jar!/:5.3.22]
	at org.springframework.aop.framework.ReflectiveMethodInvocation.proceed(ReflectiveMethodInvocation.java:186) ~[spring-aop-5.3.22.jar!/:5.3.22]
	at org.springframework.aop.framework.CglibAopProxy$CglibMethodInvocation.proceed(CglibAopProxy.java:763) ~[spring-aop-5.3.22.jar!/:5.3.22]
	at org.springframework.aop.framework.CglibAopProxy$DynamicAdvisedInterceptor.intercept(CglibAopProxy.java:708) ~[spring-aop-5.3.22.jar!/:5.3.22]
	at com.cabin4j.suite.cc.platform.dao.Cabin4jSuiteDataAccessServiceImpl$$EnhancerBySpringCGLIB$$8ac68f1e.loadAll(<generated>) ~[cabin4j-cc-platform-2.0.0-SNAPSHOT.jar!/:2.0.9]
	at com.cabin4j.suite.cc.platform.cronjobs.NodeRegistryJob.updateNodeRegistry(NodeRegistryJob.java:65) ~[cabin4j-cc-platform-2.0.0-SNAPSHOT.jar!/:2.0.9]
	at jdk.internal.reflect.GeneratedMethodAccessor186.invoke(Unknown Source) ~[na:na]
	at java.base/jdk.internal.reflect.DelegatingMethodAccessorImpl.invoke(DelegatingMethodAccessorImpl.java:43) ~[na:na]
	at java.base/java.lang.reflect.Method.invoke(Method.java:569) ~[na:na]
	at org.springframework.scheduling.support.ScheduledMethodRunnable.run(ScheduledMethodRunnable.java:84) ~[spring-context-5.3.22.jar!/:5.3.22]
	at org.springframework.scheduling.support.DelegatingErrorHandlingRunnable.run(DelegatingErrorHandlingRunnable.java:54) ~[spring-context-5.3.22.jar!/:5.3.22]
	at org.springframework.scheduling.concurrent.ReschedulingRunnable.run(ReschedulingRunnable.java:95) ~[spring-context-5.3.22.jar!/:5.3.22]
	at java.base/java.util.concurrent.Executors$RunnableAdapter.call(Executors.java:539) ~[na:na]
	at java.base/java.util.concurrent.FutureTask.run(FutureTask.java:264) ~[na:na]
	at java.base/java.util.concurrent.ScheduledThreadPoolExecutor$ScheduledFutureTask.run(ScheduledThreadPoolExecutor.java:304) ~[na:na]
	at java.base/java.util.concurrent.ThreadPoolExecutor.runWorker(ThreadPoolExecutor.java:1136) ~[na:na]
	at java.base/java.util.concurrent.ThreadPoolExecutor$Worker.run(ThreadPoolExecutor.java:635) ~[na:na]
	at java.base/java.lang.Thread.run(Thread.java:840) ~[na:na]
Caused by: org.hibernate.exception.JDBCConnectionException: Unable to acquire JDBC Connection
	at org.hibernate.exception.internal.SQLExceptionTypeDelegate.convert(SQLExceptionTypeDelegate.java:48) ~[hibernate-core-5.6.10.Final.jar!/:5.6.10.Final]
	at org.hibernate.exception.internal.StandardSQLExceptionConverter.convert(StandardSQLExceptionConverter.java:37) ~[hibernate-core-5.6.10.Final.jar!/:5.6.10.Final]
	at org.hibernate.engine.jdbc.spi.SqlExceptionHelper.convert(SqlExceptionHelper.java:113) ~[hibernate-core-5.6.10.Final.jar!/:5.6.10.Final]
	at org.hibernate.engine.jdbc.spi.SqlExceptionHelper.convert(SqlExceptionHelper.java:99) ~[hibernate-core-5.6.10.Final.jar!/:5.6.10.Final]
	at org.hibernate.resource.jdbc.internal.LogicalConnectionManagedImpl.acquireConnectionIfNeeded(LogicalConnectionManagedImpl.java:111) ~[hibernate-core-5.6.10.Final.jar!/:5.6.10.Final]
	at org.hibernate.resource.jdbc.internal.LogicalConnectionManagedImpl.getPhysicalConnection(LogicalConnectionManagedImpl.java:138) ~[hibernate-core-5.6.10.Final.jar!/:5.6.10.Final]
	at org.hibernate.resource.jdbc.internal.LogicalConnectionManagedImpl.getConnectionForTransactionManagement(LogicalConnectionManagedImpl.java:276) ~[hibernate-core-5.6.10.Final.jar!/:5.6.10.Final]
	at org.hibernate.resource.jdbc.internal.LogicalConnectionManagedImpl.begin(LogicalConnectionManagedImpl.java:284) ~[hibernate-core-5.6.10.Final.jar!/:5.6.10.Final]
	at org.hibernate.resource.transaction.backend.jdbc.internal.JdbcResourceLocalTransactionCoordinatorImpl$TransactionDriverControlImpl.begin(JdbcResourceLocalTransactionCoordinatorImpl.java:246) ~[hibernate-core-5.6.10.Final.jar!/:5.6.10.Final]
	at org.hibernate.engine.transaction.internal.TransactionImpl.begin(TransactionImpl.java:83) ~[hibernate-core-5.6.10.Final.jar!/:5.6.10.Final]
	at org.springframework.orm.jpa.vendor.HibernateJpaDialect.beginTransaction(HibernateJpaDialect.java:164) ~[spring-orm-5.3.22.jar!/:5.3.22]
	at org.springframework.orm.jpa.JpaTransactionManager.doBegin(JpaTransactionManager.java:421) ~[spring-orm-5.3.22.jar!/:5.3.22]
	... 22 common frames omitted
Caused by: java.sql.SQLTransientConnectionException: cabin4jconnectionpool - Connection is not available, request timed out after 98324ms.
	at com.zaxxer.hikari.pool.HikariPool.createTimeoutException(HikariPool.java:696) ~[HikariCP-4.0.3.jar!/:na]
	at com.zaxxer.hikari.pool.HikariPool.getConnection(HikariPool.java:197) ~[HikariCP-4.0.3.jar!/:na]
	at com.zaxxer.hikari.pool.HikariPool.getConnection(HikariPool.java:162) ~[HikariCP-4.0.3.jar!/:na]
	at com.zaxxer.hikari.HikariDataSource.getConnection(HikariDataSource.java:100) ~[HikariCP-4.0.3.jar!/:na]
	at org.hibernate.hikaricp.internal.HikariCPConnectionProvider.getConnection(HikariCPConnectionProvider.java:77) ~[hibernate-hikaricp-5.6.10.Final.jar!/:5.6.10.Final]
	at org.hibernate.internal.NonContextualJdbcConnectionAccess.obtainConnection(NonContextualJdbcConnectionAccess.java:38) ~[hibernate-core-5.6.10.Final.jar!/:5.6.10.Final]
	at org.hibernate.resource.jdbc.internal.LogicalConnectionManagedImpl.acquireConnectionIfNeeded(LogicalConnectionManagedImpl.java:108) ~[hibernate-core-5.6.10.Final.jar!/:5.6.10.Final]
	... 29 common frames omitted
Caused by: org.postgresql.util.PSQLException: This connection has been closed.
	at org.postgresql.jdbc.PgConnection.checkClosed(PgConnection.java:883) ~[postgresql-42.3.6.jar!/:42.3.6]
	at org.postgresql.jdbc.PgConnection.setNetworkTimeout(PgConnection.java:1620) ~[postgresql-42.3.6.jar!/:42.3.6]
	at com.zaxxer.hikari.pool.PoolBase.setNetworkTimeout(PoolBase.java:566) ~[HikariCP-4.0.3.jar!/:na]
	at com.zaxxer.hikari.pool.PoolBase.isConnectionAlive(PoolBase.java:173) ~[HikariCP-4.0.3.jar!/:na]
	at com.zaxxer.hikari.pool.HikariPool.getConnection(HikariPool.java:186) ~[HikariCP-4.0.3.jar!/:na]
	... 34 common frames omitted

2025-02-22 23:49:00.171  WARN 114681 --- [ool housekeeper] com.zaxxer.hikari.pool.HikariPool        : cabin4jconnectionpool - Thread starvation or clock leap detected (housekeeper delta=47s571ms961µs260ns).


